<?xml version="1.0" encoding="UTF-8"?>
<!-- Generated by org.testng.reporters.JUnitReportReporter -->
<testsuite skipped="0" hostname="Gupta-Manish" name="HybridFramework.Testscases.LoginPageTest" tests="1" failures="0" timestamp="14 Jan 2019 08:48:45 GMT" time="8.545" errors="0">
  <testcase name="testloginToApplication" time="8.545" classname="HybridFramework.Testscases.LoginPageTest"/>
</testsuite> <!-- HybridFramework.Testscases.LoginPageTest -->
