<?xml version="1.0" encoding="UTF-8"?>
<!-- Generated by org.testng.reporters.JUnitReportReporter -->
<testsuite skipped="0" hostname="Gupta-Manish" name="HybridFramework.Testscases.DataHybridLOGINTest" tests="1" failures="0" timestamp="18 Jan 2019 11:24:26 GMT" time="15.325" errors="0">
  <testcase name="b" time="15.325" classname="HybridFramework.Testscases.DataHybridLOGINTest"/>
</testsuite> <!-- HybridFramework.Testscases.DataHybridLOGINTest -->
