<?xml version="1.0" encoding="UTF-8"?>
<!-- Generated by org.testng.reporters.JUnitReportReporter -->
<testsuite skipped="0" hostname="Gupta-Manish" name="keywordFramework.Testscases.KeywordFrameworkLOGINTest" tests="1" failures="0" timestamp="04 Feb 2019 11:40:03 GMT" time="13.311" errors="0">
  <testcase name="testLoginToAppViaKeyword" time="13.311" classname="keywordFramework.Testscases.KeywordFrameworkLOGINTest"/>
</testsuite> <!-- keywordFramework.Testscases.KeywordFrameworkLOGINTest -->
